<?xml version="1.0" encoding="UTF-8"?>
<!-- Generated by org.testng.reporters.JUnitReportReporter -->
<testsuite hostname="DESKTOP-8C0LO3K" failures="0" tests="1" name="Cucumber.Options.TestRunner" time="4.626" errors="0" timestamp="2025-02-18T21:59:37 IST" skipped="0">
  <testcase classname="Cucumber.Options.TestRunner" name="runScenario" time="4.626"/>
</testsuite> <!-- Cucumber.Options.TestRunner -->
